c:\projects\pg\pg-2021-2\listas\lista3\exercicio3\debug\vc142.pdb
c:\projects\pg\pg-2021-2\listas\lista3\exercicio3\debug\vc142.idb
c:\projects\pg\pg-2021-2\listas\lista3\exercicio3\debug\glad.obj
c:\projects\pg\pg-2021-2\listas\lista3\exercicio3\debug\shader.obj
c:\projects\pg\pg-2021-2\listas\lista3\exercicio3\debug\origem3.obj
c:\projects\pg\pg-2021-2\listas\lista3\exercicio3\debug\teste.obj
c:\projects\pg\pg-2021-2\listas\lista3\exercicio3\debug\exercicio3.ilk
c:\projects\pg\pg-2021-2\listas\lista3\debug\exercicio3.exe
c:\projects\pg\pg-2021-2\listas\lista3\debug\exercicio3.pdb
c:\projects\pg\pg-2021-2\listas\lista3\exercicio3\debug\exercicio3.tlog\cl.command.1.tlog
c:\projects\pg\pg-2021-2\listas\lista3\exercicio3\debug\exercicio3.tlog\cl.read.1.tlog
c:\projects\pg\pg-2021-2\listas\lista3\exercicio3\debug\exercicio3.tlog\cl.write.1.tlog
c:\projects\pg\pg-2021-2\listas\lista3\exercicio3\debug\exercicio3.tlog\link.10100-cvtres.read.1.tlog
c:\projects\pg\pg-2021-2\listas\lista3\exercicio3\debug\exercicio3.tlog\link.10100-cvtres.write.1.tlog
c:\projects\pg\pg-2021-2\listas\lista3\exercicio3\debug\exercicio3.tlog\link.10100-rc.read.1.tlog
c:\projects\pg\pg-2021-2\listas\lista3\exercicio3\debug\exercicio3.tlog\link.10100-rc.write.1.tlog
c:\projects\pg\pg-2021-2\listas\lista3\exercicio3\debug\exercicio3.tlog\link.10100.read.1.tlog
c:\projects\pg\pg-2021-2\listas\lista3\exercicio3\debug\exercicio3.tlog\link.10100.write.1.tlog
c:\projects\pg\pg-2021-2\listas\lista3\exercicio3\debug\exercicio3.tlog\link.command.1.tlog
c:\projects\pg\pg-2021-2\listas\lista3\exercicio3\debug\exercicio3.tlog\link.read.1.tlog
c:\projects\pg\pg-2021-2\listas\lista3\exercicio3\debug\exercicio3.tlog\link.write.1.tlog
